<?xml version="1.0" encoding="UTF-8"?>
<testsuite xmlns:xsi="http://www.w3.org/2001/XMLSchema-instance" xsi:noNamespaceSchemaLocation="https://maven.apache.org/surefire/maven-surefire-plugin/xsd/surefire-test-report-3.0.xsd" version="3.0" name="com.fastcampus.hadoop.MovieAverageRateTopKTest" time="0.777" tests="5" errors="0" skipped="0" failures="0">
  <properties>
    <property name="gopherProxySet" value="false"/>
    <property name="awt.toolkit" value="sun.lwawt.macosx.LWCToolkit"/>
    <property name="file.encoding.pkg" value="sun.io"/>
    <property name="java.specification.version" value="1.8"/>
    <property name="sun.cpu.isalist" value=""/>
    <property name="sun.jnu.encoding" value="UTF-8"/>
    <property name="java.class.path" value="/Users/ykmin/fastcampus/hadoop/mapreduce-example/target/test-classes:/Users/ykmin/fastcampus/hadoop/mapreduce-example/target/classes:/Users/ykmin/.m2/repository/org/apache/hadoop/hadoop-mapreduce-client-core/3.3.2/hadoop-mapreduce-client-core-3.3.2.jar:/Users/ykmin/.m2/repository/org/apache/hadoop/hadoop-yarn-client/3.3.2/hadoop-yarn-client-3.3.2.jar:/Users/ykmin/.m2/repository/org/eclipse/jetty/websocket/websocket-client/9.4.43.v20210629/websocket-client-9.4.43.v20210629.jar:/Users/ykmin/.m2/repository/org/eclipse/jetty/jetty-client/9.4.43.v20210629/jetty-client-9.4.43.v20210629.jar:/Users/ykmin/.m2/repository/org/eclipse/jetty/websocket/websocket-common/9.4.43.v20210629/websocket-common-9.4.43.v20210629.jar:/Users/ykmin/.m2/repository/org/eclipse/jetty/websocket/websocket-api/9.4.43.v20210629/websocket-api-9.4.43.v20210629.jar:/Users/ykmin/.m2/repository/org/apache/hadoop/hadoop-yarn-api/3.3.2/hadoop-yarn-api-3.3.2.jar:/Users/ykmin/.m2/repository/org/jline/jline/3.9.0/jline-3.9.0.jar:/Users/ykmin/.m2/repository/org/apache/hadoop/hadoop-yarn-common/3.3.2/hadoop-yarn-common-3.3.2.jar:/Users/ykmin/.m2/repository/javax/xml/bind/jaxb-api/2.2.11/jaxb-api-2.2.11.jar:/Users/ykmin/.m2/repository/com/sun/jersey/jersey-client/1.19/jersey-client-1.19.jar:/Users/ykmin/.m2/repository/com/google/inject/guice/4.0/guice-4.0.jar:/Users/ykmin/.m2/repository/javax/inject/javax.inject/1/javax.inject-1.jar:/Users/ykmin/.m2/repository/aopalliance/aopalliance/1.0/aopalliance-1.0.jar:/Users/ykmin/.m2/repository/com/sun/jersey/contribs/jersey-guice/1.19/jersey-guice-1.19.jar:/Users/ykmin/.m2/repository/com/fasterxml/jackson/core/jackson-core/2.13.0/jackson-core-2.13.0.jar:/Users/ykmin/.m2/repository/com/fasterxml/jackson/module/jackson-module-jaxb-annotations/2.13.0/jackson-module-jaxb-annotations-2.13.0.jar:/Users/ykmin/.m2/repository/jakarta/xml/bind/jakarta.xml.bind-api/2.3.3/jakarta.xml.bind-api-2.3.3.jar:/Users/ykmin/.m2/repository/com/fasterxml/jackson/jaxrs/jackson-jaxrs-json-provider/2.13.0/jackson-jaxrs-json-provider-2.13.0.jar:/Users/ykmin/.m2/repository/com/fasterxml/jackson/jaxrs/jackson-jaxrs-base/2.13.0/jackson-jaxrs-base-2.13.0.jar:/Users/ykmin/.m2/repository/org/apache/hadoop/hadoop-hdfs-client/3.3.2/hadoop-hdfs-client-3.3.2.jar:/Users/ykmin/.m2/repository/com/squareup/okhttp/okhttp/2.7.5/okhttp-2.7.5.jar:/Users/ykmin/.m2/repository/com/squareup/okio/okio/1.6.0/okio-1.6.0.jar:/Users/ykmin/.m2/repository/com/fasterxml/jackson/core/jackson-annotations/2.13.0/jackson-annotations-2.13.0.jar:/Users/ykmin/.m2/repository/com/fasterxml/jackson/core/jackson-databind/2.13.0/jackson-databind-2.13.0.jar:/Users/ykmin/.m2/repository/com/google/protobuf/protobuf-java/2.5.0/protobuf-java-2.5.0.jar:/Users/ykmin/.m2/repository/org/apache/avro/avro/1.7.7/avro-1.7.7.jar:/Users/ykmin/.m2/repository/org/codehaus/jackson/jackson-core-asl/1.9.13/jackson-core-asl-1.9.13.jar:/Users/ykmin/.m2/repository/org/codehaus/jackson/jackson-mapper-asl/1.9.13/jackson-mapper-asl-1.9.13.jar:/Users/ykmin/.m2/repository/com/thoughtworks/paranamer/paranamer/2.3/paranamer-2.3.jar:/Users/ykmin/.m2/repository/javax/ws/rs/javax.ws.rs-api/2.1.1/javax.ws.rs-api-2.1.1.jar:/Users/ykmin/.m2/repository/org/slf4j/slf4j-api/1.7.30/slf4j-api-1.7.30.jar:/Users/ykmin/.m2/repository/org/slf4j/slf4j-log4j12/1.7.30/slf4j-log4j12-1.7.30.jar:/Users/ykmin/.m2/repository/org/apache/hadoop/hadoop-annotations/3.3.2/hadoop-annotations-3.3.2.jar:/Library/Java/JavaVirtualMachines/adoptopenjdk-8.jdk/Contents/Home/jre/../lib/tools.jar:/Users/ykmin/.m2/repository/com/google/inject/extensions/guice-servlet/4.0/guice-servlet-4.0.jar:/Users/ykmin/.m2/repository/io/netty/netty/3.10.6.Final/netty-3.10.6.Final.jar:/Users/ykmin/.m2/repository/org/apache/hadoop/hadoop-common/3.3.2/hadoop-common-3.3.2.jar:/Users/ykmin/.m2/repository/org/apache/hadoop/thirdparty/hadoop-shaded-protobuf_3_7/1.1.1/hadoop-shaded-protobuf_3_7-1.1.1.jar:/Users/ykmin/.m2/repository/org/apache/hadoop/thirdparty/hadoop-shaded-guava/1.1.1/hadoop-shaded-guava-1.1.1.jar:/Users/ykmin/.m2/repository/com/google/guava/guava/27.0-jre/guava-27.0-jre.jar:/Users/ykmin/.m2/repository/com/google/guava/failureaccess/1.0/failureaccess-1.0.jar:/Users/ykmin/.m2/repository/com/google/guava/listenablefuture/9999.0-empty-to-avoid-conflict-with-guava/listenablefuture-9999.0-empty-to-avoid-conflict-with-guava.jar:/Users/ykmin/.m2/repository/org/checkerframework/checker-qual/2.5.2/checker-qual-2.5.2.jar:/Users/ykmin/.m2/repository/com/google/j2objc/j2objc-annotations/1.1/j2objc-annotations-1.1.jar:/Users/ykmin/.m2/repository/org/codehaus/mojo/animal-sniffer-annotations/1.17/animal-sniffer-annotations-1.17.jar:/Users/ykmin/.m2/repository/commons-cli/commons-cli/1.2/commons-cli-1.2.jar:/Users/ykmin/.m2/repository/org/apache/commons/commons-math3/3.1.1/commons-math3-3.1.1.jar:/Users/ykmin/.m2/repository/org/apache/httpcomponents/httpclient/4.5.13/httpclient-4.5.13.jar:/Users/ykmin/.m2/repository/org/apache/httpcomponents/httpcore/4.4.13/httpcore-4.4.13.jar:/Users/ykmin/.m2/repository/commons-codec/commons-codec/1.11/commons-codec-1.11.jar:/Users/ykmin/.m2/repository/commons-io/commons-io/2.8.0/commons-io-2.8.0.jar:/Users/ykmin/.m2/repository/commons-net/commons-net/3.6/commons-net-3.6.jar:/Users/ykmin/.m2/repository/commons-collections/commons-collections/3.2.2/commons-collections-3.2.2.jar:/Users/ykmin/.m2/repository/javax/servlet/javax.servlet-api/3.1.0/javax.servlet-api-3.1.0.jar:/Users/ykmin/.m2/repository/jakarta/activation/jakarta.activation-api/1.2.1/jakarta.activation-api-1.2.1.jar:/Users/ykmin/.m2/repository/org/eclipse/jetty/jetty-server/9.4.43.v20210629/jetty-server-9.4.43.v20210629.jar:/Users/ykmin/.m2/repository/org/eclipse/jetty/jetty-http/9.4.43.v20210629/jetty-http-9.4.43.v20210629.jar:/Users/ykmin/.m2/repository/org/eclipse/jetty/jetty-io/9.4.43.v20210629/jetty-io-9.4.43.v20210629.jar:/Users/ykmin/.m2/repository/org/eclipse/jetty/jetty-util/9.4.43.v20210629/jetty-util-9.4.43.v20210629.jar:/Users/ykmin/.m2/repository/org/eclipse/jetty/jetty-servlet/9.4.43.v20210629/jetty-servlet-9.4.43.v20210629.jar:/Users/ykmin/.m2/repository/org/eclipse/jetty/jetty-security/9.4.43.v20210629/jetty-security-9.4.43.v20210629.jar:/Users/ykmin/.m2/repository/org/eclipse/jetty/jetty-util-ajax/9.4.43.v20210629/jetty-util-ajax-9.4.43.v20210629.jar:/Users/ykmin/.m2/repository/org/eclipse/jetty/jetty-webapp/9.4.43.v20210629/jetty-webapp-9.4.43.v20210629.jar:/Users/ykmin/.m2/repository/org/eclipse/jetty/jetty-xml/9.4.43.v20210629/jetty-xml-9.4.43.v20210629.jar:/Users/ykmin/.m2/repository/javax/servlet/jsp/jsp-api/2.1/jsp-api-2.1.jar:/Users/ykmin/.m2/repository/com/sun/jersey/jersey-core/1.19/jersey-core-1.19.jar:/Users/ykmin/.m2/repository/javax/ws/rs/jsr311-api/1.1.1/jsr311-api-1.1.1.jar:/Users/ykmin/.m2/repository/com/sun/jersey/jersey-servlet/1.19/jersey-servlet-1.19.jar:/Users/ykmin/.m2/repository/com/sun/jersey/jersey-json/1.19/jersey-json-1.19.jar:/Users/ykmin/.m2/repository/org/codehaus/jettison/jettison/1.1/jettison-1.1.jar:/Users/ykmin/.m2/repository/com/sun/xml/bind/jaxb-impl/2.2.3-1/jaxb-impl-2.2.3-1.jar:/Users/ykmin/.m2/repository/org/codehaus/jackson/jackson-jaxrs/1.9.2/jackson-jaxrs-1.9.2.jar:/Users/ykmin/.m2/repository/org/codehaus/jackson/jackson-xc/1.9.2/jackson-xc-1.9.2.jar:/Users/ykmin/.m2/repository/com/sun/jersey/jersey-server/1.19/jersey-server-1.19.jar:/Users/ykmin/.m2/repository/commons-logging/commons-logging/1.1.3/commons-logging-1.1.3.jar:/Users/ykmin/.m2/repository/log4j/log4j/1.2.17/log4j-1.2.17.jar:/Users/ykmin/.m2/repository/commons-beanutils/commons-beanutils/1.9.4/commons-beanutils-1.9.4.jar:/Users/ykmin/.m2/repository/org/apache/commons/commons-configuration2/2.1.1/commons-configuration2-2.1.1.jar:/Users/ykmin/.m2/repository/org/apache/commons/commons-lang3/3.12.0/commons-lang3-3.12.0.jar:/Users/ykmin/.m2/repository/org/apache/commons/commons-text/1.4/commons-text-1.4.jar:/Users/ykmin/.m2/repository/com/google/re2j/re2j/1.1/re2j-1.1.jar:/Users/ykmin/.m2/repository/com/google/code/gson/gson/2.8.9/gson-2.8.9.jar:/Users/ykmin/.m2/repository/org/apache/hadoop/hadoop-auth/3.3.2/hadoop-auth-3.3.2.jar:/Users/ykmin/.m2/repository/com/nimbusds/nimbus-jose-jwt/9.8.1/nimbus-jose-jwt-9.8.1.jar:/Users/ykmin/.m2/repository/com/github/stephenc/jcip/jcip-annotations/1.0-1/jcip-annotations-1.0-1.jar:/Users/ykmin/.m2/repository/net/minidev/json-smart/2.4.7/json-smart-2.4.7.jar:/Users/ykmin/.m2/repository/net/minidev/accessors-smart/2.4.7/accessors-smart-2.4.7.jar:/Users/ykmin/.m2/repository/org/ow2/asm/asm/9.1/asm-9.1.jar:/Users/ykmin/.m2/repository/org/apache/curator/curator-framework/4.2.0/curator-framework-4.2.0.jar:/Users/ykmin/.m2/repository/org/apache/kerby/kerb-simplekdc/1.0.1/kerb-simplekdc-1.0.1.jar:/Users/ykmin/.m2/repository/org/apache/kerby/kerb-client/1.0.1/kerb-client-1.0.1.jar:/Users/ykmin/.m2/repository/org/apache/kerby/kerby-config/1.0.1/kerby-config-1.0.1.jar:/Users/ykmin/.m2/repository/org/apache/kerby/kerb-common/1.0.1/kerb-common-1.0.1.jar:/Users/ykmin/.m2/repository/org/apache/kerby/kerb-crypto/1.0.1/kerb-crypto-1.0.1.jar:/Users/ykmin/.m2/repository/org/apache/kerby/kerb-util/1.0.1/kerb-util-1.0.1.jar:/Users/ykmin/.m2/repository/org/apache/kerby/token-provider/1.0.1/token-provider-1.0.1.jar:/Users/ykmin/.m2/repository/org/apache/kerby/kerb-admin/1.0.1/kerb-admin-1.0.1.jar:/Users/ykmin/.m2/repository/org/apache/kerby/kerb-server/1.0.1/kerb-server-1.0.1.jar:/Users/ykmin/.m2/repository/org/apache/kerby/kerb-identity/1.0.1/kerb-identity-1.0.1.jar:/Users/ykmin/.m2/repository/org/apache/kerby/kerby-xdr/1.0.1/kerby-xdr-1.0.1.jar:/Users/ykmin/.m2/repository/com/jcraft/jsch/0.1.55/jsch-0.1.55.jar:/Users/ykmin/.m2/repository/org/apache/curator/curator-client/4.2.0/curator-client-4.2.0.jar:/Users/ykmin/.m2/repository/org/apache/curator/curator-recipes/4.2.0/curator-recipes-4.2.0.jar:/Users/ykmin/.m2/repository/com/google/code/findbugs/jsr305/3.0.2/jsr305-3.0.2.jar:/Users/ykmin/.m2/repository/org/apache/zookeeper/zookeeper/3.5.6/zookeeper-3.5.6.jar:/Users/ykmin/.m2/repository/org/apache/zookeeper/zookeeper-jute/3.5.6/zookeeper-jute-3.5.6.jar:/Users/ykmin/.m2/repository/org/apache/yetus/audience-annotations/0.5.0/audience-annotations-0.5.0.jar:/Users/ykmin/.m2/repository/io/netty/netty-handler/4.1.42.Final/netty-handler-4.1.42.Final.jar:/Users/ykmin/.m2/repository/io/netty/netty-common/4.1.42.Final/netty-common-4.1.42.Final.jar:/Users/ykmin/.m2/repository/io/netty/netty-buffer/4.1.42.Final/netty-buffer-4.1.42.Final.jar:/Users/ykmin/.m2/repository/io/netty/netty-transport/4.1.42.Final/netty-transport-4.1.42.Final.jar:/Users/ykmin/.m2/repository/io/netty/netty-resolver/4.1.42.Final/netty-resolver-4.1.42.Final.jar:/Users/ykmin/.m2/repository/io/netty/netty-codec/4.1.42.Final/netty-codec-4.1.42.Final.jar:/Users/ykmin/.m2/repository/io/netty/netty-transport-native-epoll/4.1.42.Final/netty-transport-native-epoll-4.1.42.Final.jar:/Users/ykmin/.m2/repository/io/netty/netty-transport-native-unix-common/4.1.42.Final/netty-transport-native-unix-common-4.1.42.Final.jar:/Users/ykmin/.m2/repository/org/apache/commons/commons-compress/1.21/commons-compress-1.21.jar:/Users/ykmin/.m2/repository/org/apache/kerby/kerb-core/1.0.1/kerb-core-1.0.1.jar:/Users/ykmin/.m2/repository/org/apache/kerby/kerby-pkix/1.0.1/kerby-pkix-1.0.1.jar:/Users/ykmin/.m2/repository/org/apache/kerby/kerby-asn1/1.0.1/kerby-asn1-1.0.1.jar:/Users/ykmin/.m2/repository/org/apache/kerby/kerby-util/1.0.1/kerby-util-1.0.1.jar:/Users/ykmin/.m2/repository/org/codehaus/woodstox/stax2-api/4.2.1/stax2-api-4.2.1.jar:/Users/ykmin/.m2/repository/com/fasterxml/woodstox/woodstox-core/5.3.0/woodstox-core-5.3.0.jar:/Users/ykmin/.m2/repository/dnsjava/dnsjava/2.1.7/dnsjava-2.1.7.jar:/Users/ykmin/.m2/repository/org/xerial/snappy/snappy-java/1.1.8.2/snappy-java-1.1.8.2.jar:/Users/ykmin/.m2/repository/org/apache/mrunit/mrunit/1.1.0/mrunit-1.1.0-hadoop2.jar:/Users/ykmin/.m2/repository/junit/junit/4.10/junit-4.10.jar:/Users/ykmin/.m2/repository/org/hamcrest/hamcrest-core/1.1/hamcrest-core-1.1.jar:/Users/ykmin/.m2/repository/org/mockito/mockito-core/1.9.5/mockito-core-1.9.5.jar:/Users/ykmin/.m2/repository/org/objenesis/objenesis/1.0/objenesis-1.0.jar:/Users/ykmin/.m2/repository/org/powermock/powermock-core/1.5.1/powermock-core-1.5.1.jar:/Users/ykmin/.m2/repository/org/powermock/powermock-reflect/1.5.1/powermock-reflect-1.5.1.jar:/Users/ykmin/.m2/repository/org/javassist/javassist/3.18.0-GA/javassist-3.18.0-GA.jar:/Users/ykmin/.m2/repository/org/powermock/powermock-api-mockito/1.5.1/powermock-api-mockito-1.5.1.jar:/Users/ykmin/.m2/repository/org/powermock/powermock-api-support/1.5.1/powermock-api-support-1.5.1.jar:/Users/ykmin/.m2/repository/org/powermock/powermock-module-junit4/1.5.1/powermock-module-junit4-1.5.1.jar:/Users/ykmin/.m2/repository/org/powermock/powermock-module-junit4-common/1.5.1/powermock-module-junit4-common-1.5.1.jar:"/>
    <property name="java.vm.vendor" value="AdoptOpenJDK"/>
    <property name="sun.arch.data.model" value="64"/>
    <property name="java.vendor.url" value="https://adoptopenjdk.net/"/>
    <property name="user.timezone" value=""/>
    <property name="java.vm.specification.version" value="1.8"/>
    <property name="os.name" value="Mac OS X"/>
    <property name="user.country" value="KR"/>
    <property name="sun.java.launcher" value="SUN_STANDARD"/>
    <property name="sun.boot.library.path" value="/Library/Java/JavaVirtualMachines/adoptopenjdk-8.jdk/Contents/Home/jre/lib"/>
    <property name="sun.java.command" value="/Users/ykmin/fastcampus/hadoop/mapreduce-example/target/surefire/surefirebooter-20230906204948553_3.jar /Users/ykmin/fastcampus/hadoop/mapreduce-example/target/surefire 2023-09-06T20-49-48_333-jvmRun1 surefire-20230906204948553_1tmp surefire_0-20230906204948553_2tmp"/>
    <property name="http.nonProxyHosts" value="local|*.local|169.254/16|*.169.254/16"/>
    <property name="surefire.test.class.path" value="/Users/ykmin/fastcampus/hadoop/mapreduce-example/target/test-classes:/Users/ykmin/fastcampus/hadoop/mapreduce-example/target/classes:/Users/ykmin/.m2/repository/org/apache/hadoop/hadoop-mapreduce-client-core/3.3.2/hadoop-mapreduce-client-core-3.3.2.jar:/Users/ykmin/.m2/repository/org/apache/hadoop/hadoop-yarn-client/3.3.2/hadoop-yarn-client-3.3.2.jar:/Users/ykmin/.m2/repository/org/eclipse/jetty/websocket/websocket-client/9.4.43.v20210629/websocket-client-9.4.43.v20210629.jar:/Users/ykmin/.m2/repository/org/eclipse/jetty/jetty-client/9.4.43.v20210629/jetty-client-9.4.43.v20210629.jar:/Users/ykmin/.m2/repository/org/eclipse/jetty/websocket/websocket-common/9.4.43.v20210629/websocket-common-9.4.43.v20210629.jar:/Users/ykmin/.m2/repository/org/eclipse/jetty/websocket/websocket-api/9.4.43.v20210629/websocket-api-9.4.43.v20210629.jar:/Users/ykmin/.m2/repository/org/apache/hadoop/hadoop-yarn-api/3.3.2/hadoop-yarn-api-3.3.2.jar:/Users/ykmin/.m2/repository/org/jline/jline/3.9.0/jline-3.9.0.jar:/Users/ykmin/.m2/repository/org/apache/hadoop/hadoop-yarn-common/3.3.2/hadoop-yarn-common-3.3.2.jar:/Users/ykmin/.m2/repository/javax/xml/bind/jaxb-api/2.2.11/jaxb-api-2.2.11.jar:/Users/ykmin/.m2/repository/com/sun/jersey/jersey-client/1.19/jersey-client-1.19.jar:/Users/ykmin/.m2/repository/com/google/inject/guice/4.0/guice-4.0.jar:/Users/ykmin/.m2/repository/javax/inject/javax.inject/1/javax.inject-1.jar:/Users/ykmin/.m2/repository/aopalliance/aopalliance/1.0/aopalliance-1.0.jar:/Users/ykmin/.m2/repository/com/sun/jersey/contribs/jersey-guice/1.19/jersey-guice-1.19.jar:/Users/ykmin/.m2/repository/com/fasterxml/jackson/core/jackson-core/2.13.0/jackson-core-2.13.0.jar:/Users/ykmin/.m2/repository/com/fasterxml/jackson/module/jackson-module-jaxb-annotations/2.13.0/jackson-module-jaxb-annotations-2.13.0.jar:/Users/ykmin/.m2/repository/jakarta/xml/bind/jakarta.xml.bind-api/2.3.3/jakarta.xml.bind-api-2.3.3.jar:/Users/ykmin/.m2/repository/com/fasterxml/jackson/jaxrs/jackson-jaxrs-json-provider/2.13.0/jackson-jaxrs-json-provider-2.13.0.jar:/Users/ykmin/.m2/repository/com/fasterxml/jackson/jaxrs/jackson-jaxrs-base/2.13.0/jackson-jaxrs-base-2.13.0.jar:/Users/ykmin/.m2/repository/org/apache/hadoop/hadoop-hdfs-client/3.3.2/hadoop-hdfs-client-3.3.2.jar:/Users/ykmin/.m2/repository/com/squareup/okhttp/okhttp/2.7.5/okhttp-2.7.5.jar:/Users/ykmin/.m2/repository/com/squareup/okio/okio/1.6.0/okio-1.6.0.jar:/Users/ykmin/.m2/repository/com/fasterxml/jackson/core/jackson-annotations/2.13.0/jackson-annotations-2.13.0.jar:/Users/ykmin/.m2/repository/com/fasterxml/jackson/core/jackson-databind/2.13.0/jackson-databind-2.13.0.jar:/Users/ykmin/.m2/repository/com/google/protobuf/protobuf-java/2.5.0/protobuf-java-2.5.0.jar:/Users/ykmin/.m2/repository/org/apache/avro/avro/1.7.7/avro-1.7.7.jar:/Users/ykmin/.m2/repository/org/codehaus/jackson/jackson-core-asl/1.9.13/jackson-core-asl-1.9.13.jar:/Users/ykmin/.m2/repository/org/codehaus/jackson/jackson-mapper-asl/1.9.13/jackson-mapper-asl-1.9.13.jar:/Users/ykmin/.m2/repository/com/thoughtworks/paranamer/paranamer/2.3/paranamer-2.3.jar:/Users/ykmin/.m2/repository/javax/ws/rs/javax.ws.rs-api/2.1.1/javax.ws.rs-api-2.1.1.jar:/Users/ykmin/.m2/repository/org/slf4j/slf4j-api/1.7.30/slf4j-api-1.7.30.jar:/Users/ykmin/.m2/repository/org/slf4j/slf4j-log4j12/1.7.30/slf4j-log4j12-1.7.30.jar:/Users/ykmin/.m2/repository/org/apache/hadoop/hadoop-annotations/3.3.2/hadoop-annotations-3.3.2.jar:/Library/Java/JavaVirtualMachines/adoptopenjdk-8.jdk/Contents/Home/jre/../lib/tools.jar:/Users/ykmin/.m2/repository/com/google/inject/extensions/guice-servlet/4.0/guice-servlet-4.0.jar:/Users/ykmin/.m2/repository/io/netty/netty/3.10.6.Final/netty-3.10.6.Final.jar:/Users/ykmin/.m2/repository/org/apache/hadoop/hadoop-common/3.3.2/hadoop-common-3.3.2.jar:/Users/ykmin/.m2/repository/org/apache/hadoop/thirdparty/hadoop-shaded-protobuf_3_7/1.1.1/hadoop-shaded-protobuf_3_7-1.1.1.jar:/Users/ykmin/.m2/repository/org/apache/hadoop/thirdparty/hadoop-shaded-guava/1.1.1/hadoop-shaded-guava-1.1.1.jar:/Users/ykmin/.m2/repository/com/google/guava/guava/27.0-jre/guava-27.0-jre.jar:/Users/ykmin/.m2/repository/com/google/guava/failureaccess/1.0/failureaccess-1.0.jar:/Users/ykmin/.m2/repository/com/google/guava/listenablefuture/9999.0-empty-to-avoid-conflict-with-guava/listenablefuture-9999.0-empty-to-avoid-conflict-with-guava.jar:/Users/ykmin/.m2/repository/org/checkerframework/checker-qual/2.5.2/checker-qual-2.5.2.jar:/Users/ykmin/.m2/repository/com/google/j2objc/j2objc-annotations/1.1/j2objc-annotations-1.1.jar:/Users/ykmin/.m2/repository/org/codehaus/mojo/animal-sniffer-annotations/1.17/animal-sniffer-annotations-1.17.jar:/Users/ykmin/.m2/repository/commons-cli/commons-cli/1.2/commons-cli-1.2.jar:/Users/ykmin/.m2/repository/org/apache/commons/commons-math3/3.1.1/commons-math3-3.1.1.jar:/Users/ykmin/.m2/repository/org/apache/httpcomponents/httpclient/4.5.13/httpclient-4.5.13.jar:/Users/ykmin/.m2/repository/org/apache/httpcomponents/httpcore/4.4.13/httpcore-4.4.13.jar:/Users/ykmin/.m2/repository/commons-codec/commons-codec/1.11/commons-codec-1.11.jar:/Users/ykmin/.m2/repository/commons-io/commons-io/2.8.0/commons-io-2.8.0.jar:/Users/ykmin/.m2/repository/commons-net/commons-net/3.6/commons-net-3.6.jar:/Users/ykmin/.m2/repository/commons-collections/commons-collections/3.2.2/commons-collections-3.2.2.jar:/Users/ykmin/.m2/repository/javax/servlet/javax.servlet-api/3.1.0/javax.servlet-api-3.1.0.jar:/Users/ykmin/.m2/repository/jakarta/activation/jakarta.activation-api/1.2.1/jakarta.activation-api-1.2.1.jar:/Users/ykmin/.m2/repository/org/eclipse/jetty/jetty-server/9.4.43.v20210629/jetty-server-9.4.43.v20210629.jar:/Users/ykmin/.m2/repository/org/eclipse/jetty/jetty-http/9.4.43.v20210629/jetty-http-9.4.43.v20210629.jar:/Users/ykmin/.m2/repository/org/eclipse/jetty/jetty-io/9.4.43.v20210629/jetty-io-9.4.43.v20210629.jar:/Users/ykmin/.m2/repository/org/eclipse/jetty/jetty-util/9.4.43.v20210629/jetty-util-9.4.43.v20210629.jar:/Users/ykmin/.m2/repository/org/eclipse/jetty/jetty-servlet/9.4.43.v20210629/jetty-servlet-9.4.43.v20210629.jar:/Users/ykmin/.m2/repository/org/eclipse/jetty/jetty-security/9.4.43.v20210629/jetty-security-9.4.43.v20210629.jar:/Users/ykmin/.m2/repository/org/eclipse/jetty/jetty-util-ajax/9.4.43.v20210629/jetty-util-ajax-9.4.43.v20210629.jar:/Users/ykmin/.m2/repository/org/eclipse/jetty/jetty-webapp/9.4.43.v20210629/jetty-webapp-9.4.43.v20210629.jar:/Users/ykmin/.m2/repository/org/eclipse/jetty/jetty-xml/9.4.43.v20210629/jetty-xml-9.4.43.v20210629.jar:/Users/ykmin/.m2/repository/javax/servlet/jsp/jsp-api/2.1/jsp-api-2.1.jar:/Users/ykmin/.m2/repository/com/sun/jersey/jersey-core/1.19/jersey-core-1.19.jar:/Users/ykmin/.m2/repository/javax/ws/rs/jsr311-api/1.1.1/jsr311-api-1.1.1.jar:/Users/ykmin/.m2/repository/com/sun/jersey/jersey-servlet/1.19/jersey-servlet-1.19.jar:/Users/ykmin/.m2/repository/com/sun/jersey/jersey-json/1.19/jersey-json-1.19.jar:/Users/ykmin/.m2/repository/org/codehaus/jettison/jettison/1.1/jettison-1.1.jar:/Users/ykmin/.m2/repository/com/sun/xml/bind/jaxb-impl/2.2.3-1/jaxb-impl-2.2.3-1.jar:/Users/ykmin/.m2/repository/org/codehaus/jackson/jackson-jaxrs/1.9.2/jackson-jaxrs-1.9.2.jar:/Users/ykmin/.m2/repository/org/codehaus/jackson/jackson-xc/1.9.2/jackson-xc-1.9.2.jar:/Users/ykmin/.m2/repository/com/sun/jersey/jersey-server/1.19/jersey-server-1.19.jar:/Users/ykmin/.m2/repository/commons-logging/commons-logging/1.1.3/commons-logging-1.1.3.jar:/Users/ykmin/.m2/repository/log4j/log4j/1.2.17/log4j-1.2.17.jar:/Users/ykmin/.m2/repository/commons-beanutils/commons-beanutils/1.9.4/commons-beanutils-1.9.4.jar:/Users/ykmin/.m2/repository/org/apache/commons/commons-configuration2/2.1.1/commons-configuration2-2.1.1.jar:/Users/ykmin/.m2/repository/org/apache/commons/commons-lang3/3.12.0/commons-lang3-3.12.0.jar:/Users/ykmin/.m2/repository/org/apache/commons/commons-text/1.4/commons-text-1.4.jar:/Users/ykmin/.m2/repository/com/google/re2j/re2j/1.1/re2j-1.1.jar:/Users/ykmin/.m2/repository/com/google/code/gson/gson/2.8.9/gson-2.8.9.jar:/Users/ykmin/.m2/repository/org/apache/hadoop/hadoop-auth/3.3.2/hadoop-auth-3.3.2.jar:/Users/ykmin/.m2/repository/com/nimbusds/nimbus-jose-jwt/9.8.1/nimbus-jose-jwt-9.8.1.jar:/Users/ykmin/.m2/repository/com/github/stephenc/jcip/jcip-annotations/1.0-1/jcip-annotations-1.0-1.jar:/Users/ykmin/.m2/repository/net/minidev/json-smart/2.4.7/json-smart-2.4.7.jar:/Users/ykmin/.m2/repository/net/minidev/accessors-smart/2.4.7/accessors-smart-2.4.7.jar:/Users/ykmin/.m2/repository/org/ow2/asm/asm/9.1/asm-9.1.jar:/Users/ykmin/.m2/repository/org/apache/curator/curator-framework/4.2.0/curator-framework-4.2.0.jar:/Users/ykmin/.m2/repository/org/apache/kerby/kerb-simplekdc/1.0.1/kerb-simplekdc-1.0.1.jar:/Users/ykmin/.m2/repository/org/apache/kerby/kerb-client/1.0.1/kerb-client-1.0.1.jar:/Users/ykmin/.m2/repository/org/apache/kerby/kerby-config/1.0.1/kerby-config-1.0.1.jar:/Users/ykmin/.m2/repository/org/apache/kerby/kerb-common/1.0.1/kerb-common-1.0.1.jar:/Users/ykmin/.m2/repository/org/apache/kerby/kerb-crypto/1.0.1/kerb-crypto-1.0.1.jar:/Users/ykmin/.m2/repository/org/apache/kerby/kerb-util/1.0.1/kerb-util-1.0.1.jar:/Users/ykmin/.m2/repository/org/apache/kerby/token-provider/1.0.1/token-provider-1.0.1.jar:/Users/ykmin/.m2/repository/org/apache/kerby/kerb-admin/1.0.1/kerb-admin-1.0.1.jar:/Users/ykmin/.m2/repository/org/apache/kerby/kerb-server/1.0.1/kerb-server-1.0.1.jar:/Users/ykmin/.m2/repository/org/apache/kerby/kerb-identity/1.0.1/kerb-identity-1.0.1.jar:/Users/ykmin/.m2/repository/org/apache/kerby/kerby-xdr/1.0.1/kerby-xdr-1.0.1.jar:/Users/ykmin/.m2/repository/com/jcraft/jsch/0.1.55/jsch-0.1.55.jar:/Users/ykmin/.m2/repository/org/apache/curator/curator-client/4.2.0/curator-client-4.2.0.jar:/Users/ykmin/.m2/repository/org/apache/curator/curator-recipes/4.2.0/curator-recipes-4.2.0.jar:/Users/ykmin/.m2/repository/com/google/code/findbugs/jsr305/3.0.2/jsr305-3.0.2.jar:/Users/ykmin/.m2/repository/org/apache/zookeeper/zookeeper/3.5.6/zookeeper-3.5.6.jar:/Users/ykmin/.m2/repository/org/apache/zookeeper/zookeeper-jute/3.5.6/zookeeper-jute-3.5.6.jar:/Users/ykmin/.m2/repository/org/apache/yetus/audience-annotations/0.5.0/audience-annotations-0.5.0.jar:/Users/ykmin/.m2/repository/io/netty/netty-handler/4.1.42.Final/netty-handler-4.1.42.Final.jar:/Users/ykmin/.m2/repository/io/netty/netty-common/4.1.42.Final/netty-common-4.1.42.Final.jar:/Users/ykmin/.m2/repository/io/netty/netty-buffer/4.1.42.Final/netty-buffer-4.1.42.Final.jar:/Users/ykmin/.m2/repository/io/netty/netty-transport/4.1.42.Final/netty-transport-4.1.42.Final.jar:/Users/ykmin/.m2/repository/io/netty/netty-resolver/4.1.42.Final/netty-resolver-4.1.42.Final.jar:/Users/ykmin/.m2/repository/io/netty/netty-codec/4.1.42.Final/netty-codec-4.1.42.Final.jar:/Users/ykmin/.m2/repository/io/netty/netty-transport-native-epoll/4.1.42.Final/netty-transport-native-epoll-4.1.42.Final.jar:/Users/ykmin/.m2/repository/io/netty/netty-transport-native-unix-common/4.1.42.Final/netty-transport-native-unix-common-4.1.42.Final.jar:/Users/ykmin/.m2/repository/org/apache/commons/commons-compress/1.21/commons-compress-1.21.jar:/Users/ykmin/.m2/repository/org/apache/kerby/kerb-core/1.0.1/kerb-core-1.0.1.jar:/Users/ykmin/.m2/repository/org/apache/kerby/kerby-pkix/1.0.1/kerby-pkix-1.0.1.jar:/Users/ykmin/.m2/repository/org/apache/kerby/kerby-asn1/1.0.1/kerby-asn1-1.0.1.jar:/Users/ykmin/.m2/repository/org/apache/kerby/kerby-util/1.0.1/kerby-util-1.0.1.jar:/Users/ykmin/.m2/repository/org/codehaus/woodstox/stax2-api/4.2.1/stax2-api-4.2.1.jar:/Users/ykmin/.m2/repository/com/fasterxml/woodstox/woodstox-core/5.3.0/woodstox-core-5.3.0.jar:/Users/ykmin/.m2/repository/dnsjava/dnsjava/2.1.7/dnsjava-2.1.7.jar:/Users/ykmin/.m2/repository/org/xerial/snappy/snappy-java/1.1.8.2/snappy-java-1.1.8.2.jar:/Users/ykmin/.m2/repository/org/apache/mrunit/mrunit/1.1.0/mrunit-1.1.0-hadoop2.jar:/Users/ykmin/.m2/repository/junit/junit/4.10/junit-4.10.jar:/Users/ykmin/.m2/repository/org/hamcrest/hamcrest-core/1.1/hamcrest-core-1.1.jar:/Users/ykmin/.m2/repository/org/mockito/mockito-core/1.9.5/mockito-core-1.9.5.jar:/Users/ykmin/.m2/repository/org/objenesis/objenesis/1.0/objenesis-1.0.jar:/Users/ykmin/.m2/repository/org/powermock/powermock-core/1.5.1/powermock-core-1.5.1.jar:/Users/ykmin/.m2/repository/org/powermock/powermock-reflect/1.5.1/powermock-reflect-1.5.1.jar:/Users/ykmin/.m2/repository/org/javassist/javassist/3.18.0-GA/javassist-3.18.0-GA.jar:/Users/ykmin/.m2/repository/org/powermock/powermock-api-mockito/1.5.1/powermock-api-mockito-1.5.1.jar:/Users/ykmin/.m2/repository/org/powermock/powermock-api-support/1.5.1/powermock-api-support-1.5.1.jar:/Users/ykmin/.m2/repository/org/powermock/powermock-module-junit4/1.5.1/powermock-module-junit4-1.5.1.jar:/Users/ykmin/.m2/repository/org/powermock/powermock-module-junit4-common/1.5.1/powermock-module-junit4-common-1.5.1.jar:"/>
    <property name="sun.cpu.endian" value="little"/>
    <property name="user.home" value="/Users/ykmin"/>
    <property name="user.language" value="ko"/>
    <property name="java.specification.vendor" value="Oracle Corporation"/>
    <property name="java.home" value="/Library/Java/JavaVirtualMachines/adoptopenjdk-8.jdk/Contents/Home/jre"/>
    <property name="basedir" value="/Users/ykmin/fastcampus/hadoop/mapreduce-example"/>
    <property name="file.separator" value="/"/>
    <property name="line.separator" value="&#10;"/>
    <property name="java.vm.specification.vendor" value="Oracle Corporation"/>
    <property name="java.specification.name" value="Java Platform API Specification"/>
    <property name="java.awt.graphicsenv" value="sun.awt.CGraphicsEnvironment"/>
    <property name="surefire.real.class.path" value="/Users/ykmin/fastcampus/hadoop/mapreduce-example/target/surefire/surefirebooter-20230906204948553_3.jar"/>
    <property name="sun.boot.class.path" value="/Library/Java/JavaVirtualMachines/adoptopenjdk-8.jdk/Contents/Home/jre/lib/resources.jar:/Library/Java/JavaVirtualMachines/adoptopenjdk-8.jdk/Contents/Home/jre/lib/rt.jar:/Library/Java/JavaVirtualMachines/adoptopenjdk-8.jdk/Contents/Home/jre/lib/sunrsasign.jar:/Library/Java/JavaVirtualMachines/adoptopenjdk-8.jdk/Contents/Home/jre/lib/jsse.jar:/Library/Java/JavaVirtualMachines/adoptopenjdk-8.jdk/Contents/Home/jre/lib/jce.jar:/Library/Java/JavaVirtualMachines/adoptopenjdk-8.jdk/Contents/Home/jre/lib/charsets.jar:/Library/Java/JavaVirtualMachines/adoptopenjdk-8.jdk/Contents/Home/jre/lib/jfr.jar:/Library/Java/JavaVirtualMachines/adoptopenjdk-8.jdk/Contents/Home/jre/classes"/>
    <property name="sun.management.compiler" value="HotSpot 64-Bit Tiered Compilers"/>
    <property name="ftp.nonProxyHosts" value="local|*.local|169.254/16|*.169.254/16"/>
    <property name="java.runtime.version" value="1.8.0_292-b10"/>
    <property name="user.name" value="ykmin"/>
    <property name="path.separator" value=":"/>
    <property name="os.version" value="10.16"/>
    <property name="java.endorsed.dirs" value="/Library/Java/JavaVirtualMachines/adoptopenjdk-8.jdk/Contents/Home/jre/lib/endorsed"/>
    <property name="java.runtime.name" value="OpenJDK Runtime Environment"/>
    <property name="file.encoding" value="UTF-8"/>
    <property name="java.vm.name" value="OpenJDK 64-Bit Server VM"/>
    <property name="localRepository" value="/Users/ykmin/.m2/repository"/>
    <property name="java.vendor.url.bug" value="https://github.com/AdoptOpenJDK/openjdk-support/issues"/>
    <property name="java.io.tmpdir" value="/var/folders/yd/40242g8n67s1qq2l7b0p6y8w0000gn/T/"/>
    <property name="java.version" value="1.8.0_292"/>
    <property name="user.dir" value="/Users/ykmin/fastcampus/hadoop/mapreduce-example"/>
    <property name="os.arch" value="x86_64"/>
    <property name="java.vm.specification.name" value="Java Virtual Machine Specification"/>
    <property name="java.awt.printerjob" value="sun.lwawt.macosx.CPrinterJob"/>
    <property name="user.language.format" value="ko-Kore"/>
    <property name="sun.os.patch.level" value="unknown"/>
    <property name="java.library.path" value="/Users/ykmin/Library/Java/Extensions:/Library/Java/Extensions:/Network/Library/Java/Extensions:/System/Library/Java/Extensions:/usr/lib/java:."/>
    <property name="java.vm.info" value="mixed mode"/>
    <property name="java.vendor" value="AdoptOpenJDK"/>
    <property name="java.vm.version" value="25.292-b10"/>
    <property name="java.ext.dirs" value="/Users/ykmin/Library/Java/Extensions:/Library/Java/JavaVirtualMachines/adoptopenjdk-8.jdk/Contents/Home/jre/lib/ext:/Library/Java/Extensions:/Network/Library/Java/Extensions:/System/Library/Java/Extensions:/usr/lib/java"/>
    <property name="sun.io.unicode.encoding" value="UnicodeBig"/>
    <property name="java.class.version" value="52.0"/>
    <property name="socksNonProxyHosts" value="local|*.local|169.254/16|*.169.254/16"/>
  </properties>
  <testcase name="movieMapTest" classname="com.fastcampus.hadoop.MovieAverageRateTopKTest" time="0.585">
    <system-out><![CDATA[[(1, MToy Story (1995)), (2, MJumanji (1995))]
]]></system-out>
    <system-err><![CDATA[log4j:WARN No appenders could be found for logger (org.apache.hadoop.util.Shell).
log4j:WARN Please initialize the log4j system properly.
log4j:WARN See http://logging.apache.org/log4j/1.2/faq.html#noconfig for more info.
]]></system-err>
  </testcase>
  <testcase name="ratingMapTest" classname="com.fastcampus.hadoop.MovieAverageRateTopKTest" time="0.041">
    <system-out><![CDATA[[(1, R4.0), (1, R4.5), (2, R4.0), (2, R4.5)]
]]></system-out>
  </testcase>
  <testcase name="movieRatingJoinReduceTest" classname="com.fastcampus.hadoop.MovieAverageRateTopKTest" time="0.066">
    <system-out><![CDATA[[(Toy Story (1995), 4.5), (Jumanji (1995), 4.5)]
]]></system-out>
  </testcase>
  <testcase name="topKMapTest" classname="com.fastcampus.hadoop.MovieAverageRateTopKTest" time="0.019">
    <system-out><![CDATA[[(4.5, Toy Story (1995)$$Jumanji (1995))]
]]></system-out>
  </testcase>
  <testcase name="topKReduceTest" classname="com.fastcampus.hadoop.MovieAverageRateTopKTest" time="0.019">
    <system-out><![CDATA[[(Toy Story (1995), Jumanji (1995), 4.25)]
]]></system-out>
  </testcase>
</testsuite>